# Initialising AFQMCPY simulation from input.json
# Running on 1 core
# Explanation of output column headers:
# -------------------------------------
# iteration : Simulation iteration. iteration*dt = tau.
# Weight : Total walker weight.
# E_num : Numerator for projected energy estimator.
# E_denom : Denominator for projected energy estimator.
# E : Projected energy estimator.
# EKin : Mixed kinetic energy estimator.
# EPot : Mixed potential energy estimator.
# time : Time per processor to complete one iteration.
        iteration            Weight             E_num           E_denom                 E              EKin              EPot              time
 0.0000000000e+00  3.0000000000e+01 -2.4321531336e+02  3.0000000000e+01 -8.1071771119e+00 -1.2107177112e+01  4.0000000000e+00  3.6585569382e-02
 1.0000000000e+01  3.7358729973e+01 -3.3998809441e+02  3.7358729973e+01 -9.1006330959e+00 -1.2107177112e+01  3.0065440159e+00  3.4881806374e-02
 2.0000000000e+01  3.2714752938e+01 -3.0767745394e+02  3.2714752938e+01 -9.4048533552e+00 -1.2107177112e+01  2.7023237566e+00  3.1812047958e-02
 3.0000000000e+01  3.1294147376e+01 -2.9901325921e+02  3.1294147376e+01 -9.5549258975e+00 -1.2107177112e+01  2.5522512143e+00  3.2415437698e-02
 4.0000000000e+01  3.0359894016e+01 -2.9147441671e+02  3.0359894016e+01 -9.6006401261e+00 -1.2107177112e+01  2.5065369858e+00  4.4464349747e-02
 5.0000000000e+01  3.0234943765e+01 -2.9143597548e+02  3.0234943765e+01 -9.6390447342e+00 -1.2107177112e+01  2.4681323777e+00  3.2703900337e-02
 6.0000000000e+01  2.9362828618e+01 -2.8175232709e+02  2.9362828618e+01 -9.5955444468e+00 -1.2107177112e+01  2.5116326651e+00  3.2746291161e-02
 7.0000000000e+01  3.0362049559e+01 -2.9144027815e+02  3.0362049559e+01 -9.5988341492e+00 -1.2107177112e+01  2.5083429626e+00  3.2664346695e-02
 8.0000000000e+01  3.0351673976e+01 -2.9312615111e+02  3.0351673976e+01 -9.6576601129e+00 -1.2107177112e+01  2.4495169989e+00  1.2113008499e-01
 9.0000000000e+01  3.0416217446e+01 -2.9713775069e+02  3.0416217446e+01 -9.7690566298e+00 -1.2107177112e+01  2.3381204820e+00  3.5131359100e-02
 1.0000000000e+02  2.9126922711e+01 -2.8027945159e+02  2.9126922711e+01 -9.6226935598e+00 -1.2107177112e+01  2.4844835521e+00  3.2438063622e-02
 1.1000000000e+02  3.0373977588e+01 -2.9347061665e+02  3.0373977588e+01 -9.6619093038e+00 -1.2107177112e+01  2.4452678080e+00  3.2454109192e-02
 1.2000000000e+02  3.0393956133e+01 -2.9457996273e+02  3.0393956133e+01 -9.6920572443e+00 -1.2107177112e+01  2.4151198675e+00  4.4818925858e-02
 1.3000000000e+02  3.0219792039e+01 -2.9287010574e+02  3.0219792039e+01 -9.6913342542e+00 -1.2107177112e+01  2.4158428577e+00  3.3226680756e-02
 1.4000000000e+02  2.9581091441e+01 -2.8539282995e+02  2.9581091441e+01 -9.6478127088e+00 -1.2107177112e+01  2.4593644031e+00  3.2394814491e-02
 1.5000000000e+02  3.0277349990e+01 -2.9292713866e+02  3.0277349990e+01 -9.6747944835e+00 -1.2107177112e+01  2.4323826284e+00  3.2288599014e-02
 1.6000000000e+02  2.9431079731e+01 -2.8289001415e+02  2.9431079731e+01 -9.6119482103e+00 -1.2107177112e+01  2.4952289015e+00  1.2065973282e-01
 1.7000000000e+02  2.9833384304e+01 -2.8476831784e+02  2.9833384304e+01 -9.5452904353e+00 -1.2107177112e+01  2.5618866766e+00  3.5328316689e-02
 1.8000000000e+02  3.0750916509e+01 -2.9709794113e+02  3.0750916509e+01 -9.6614337021e+00 -1.2107177112e+01  2.4457434098e+00  3.2526040077e-02
 1.9000000000e+02  3.0310706379e+01 -2.9430955430e+02  3.0310706379e+01 -9.7097557090e+00 -1.2107177112e+01  2.3974214029e+00  3.2416343689e-02
 2.0000000000e+02  3.1115682583e+01 -3.0556264174e+02  3.1115682583e+01 -9.8202133576e+00 -1.2107177112e+01  2.2869637543e+00  4.4956827164e-02
 2.1000000000e+02  2.9333188870e+01 -2.8476170248e+02  2.9333188870e+01 -9.7078331217e+00 -1.2107177112e+01  2.3993439901e+00  3.2572007179e-02
 2.2000000000e+02  2.9364540175e+01 -2.8213911133e+02  2.9364540175e+01 -9.6081569692e+00 -1.2107177112e+01  2.4990201426e+00  3.2659816742e-02
 2.3000000000e+02  3.0554967291e+01 -2.9502746662e+02  3.0554967291e+01 -9.6556302551e+00 -1.2107177112e+01  2.4515468567e+00  3.2649469376e-02
 2.4000000000e+02  2.9961856939e+01 -2.8928083044e+02  2.9961856939e+01 -9.6549700181e+00 -1.2107177112e+01  2.4522070937e+00  1.2220067978e-01
 2.5000000000e+02  2.9632725418e+01 -2.8455990826e+02  2.9632725418e+01 -9.6028935658e+00 -1.2107177112e+01  2.5042835461e+00  3.5432839394e-02
 2.6000000000e+02  3.0627315959e+01 -2.9639175935e+02  3.0627315959e+01 -9.6773664316e+00 -1.2107177112e+01  2.4298106803e+00  3.2509803772e-02
 2.7000000000e+02  2.9908176497e+01 -2.8923237398e+02  2.9908176497e+01 -9.6706789866e+00 -1.2107177112e+01  2.4364981252e+00  3.2723546028e-02
 2.8000000000e+02  3.0605067853e+01 -2.9813931616e+02  3.0605067853e+01 -9.7415015577e+00 -1.2107177112e+01  2.3656755542e+00  4.5141935349e-02
 2.9000000000e+02  2.9373600329e+01 -2.8441886466e+02  2.9373600329e+01 -9.6828056991e+00 -1.2107177112e+01  2.4243714128e+00  3.2637858391e-02
 3.0000000000e+02  2.9767974393e+01 -2.8571170198e+02  2.9767974393e+01 -9.5979557832e+00 -1.2107177112e+01  2.5092213286e+00  3.2685828209e-02
 3.1000000000e+02  2.9987728568e+01 -2.8996336477e+02  2.9987728568e+01 -9.6694007389e+00 -1.2107177112e+01  2.4377763729e+00  3.2641625404e-02
 3.2000000000e+02  3.0447684759e+01 -2.9521730216e+02  3.0447684759e+01 -9.6958867151e+00 -1.2107177112e+01  2.4112903967e+00  1.2101440430e-01
 3.3000000000e+02  3.0350157936e+01 -2.9416988546e+02  3.0350157936e+01 -9.6925322786e+00 -1.2107177112e+01  2.4146448333e+00  3.5455274582e-02
 3.4000000000e+02  2.8901769386e+01 -2.7674815499e+02  2.8901769386e+01 -9.5754744733e+00 -1.2107177112e+01  2.5317026386e+00  3.2665061951e-02
 3.5000000000e+02  3.1283701959e+01 -3.0596551272e+02  3.1283701959e+01 -9.7803486660e+00 -1.2107177112e+01  2.3268284458e+00  3.3050680161e-02
 3.6000000000e+02  3.0000367064e+01 -2.9262398691e+02  3.0000367064e+01 -9.7540135521e+00 -1.2107177112e+01  2.3531635597e+00  4.5068001747e-02
 3.7000000000e+02  2.9796493086e+01 -2.8881645659e+02  2.9796493086e+01 -9.6929680870e+00 -1.2107177112e+01  2.4142090248e+00  3.2818937302e-02
 3.8000000000e+02  2.9813167779e+01 -2.8812620791e+02  2.9813167779e+01 -9.6643942719e+00 -1.2107177112e+01  2.4427828399e+00  3.2778501511e-02
 3.9000000000e+02  2.9942536584e+01 -2.8933003687e+02  2.9942536584e+01 -9.6628432283e+00 -1.2107177112e+01  2.4443338836e+00  3.2574462891e-02
 4.0000000000e+02  2.9930128348e+01 -2.8859738381e+02  2.9930128348e+01 -9.6423704055e+00 -1.2107177112e+01  2.4648067064e+00  1.2288730145e-01
 4.1000000000e+02  2.9158589271e+01 -2.7994660679e+02  2.9158589271e+01 -9.6008282222e+00 -1.2107177112e+01  2.5063488896e+00  3.5428762436e-02
 4.2000000000e+02  3.0732248197e+01 -2.9679433245e+02  3.0732248197e+01 -9.6574233863e+00 -1.2107177112e+01  2.4497537256e+00  3.2933354378e-02
 4.3000000000e+02  2.9430165700e+01 -2.8324839470e+02  2.9430165700e+01 -9.6244240547e+00 -1.2107177112e+01  2.4827530572e+00  3.3008861542e-02
 4.4000000000e+02  3.0525085278e+01 -2.9588155940e+02  3.0525085278e+01 -9.6930624994e+00 -1.2107177112e+01  2.4141146125e+00  4.5131516457e-02
 4.5000000000e+02  3.0380251543e+01 -2.9445469672e+02  3.0380251543e+01 -9.6923060792e+00 -1.2107177112e+01  2.4148710326e+00  3.2760596275e-02
 4.6000000000e+02  2.9128212581e+01 -2.7916428129e+02  2.9128212581e+01 -9.5839825570e+00 -1.2107177112e+01  2.5231945549e+00  3.3066225052e-02
 4.7000000000e+02  3.0609380713e+01 -2.9500104945e+02  3.0609380713e+01 -9.6376026756e+00 -1.2107177112e+01  2.4695744363e+00  3.2828450203e-02
 4.8000000000e+02  3.0912646505e+01 -3.0064351862e+02  3.0912646505e+01 -9.7255833001e+00 -1.2107177112e+01  2.3815938118e+00  1.2150235176e-01
 4.9000000000e+02  2.9412624914e+01 -2.8354799872e+02  2.9412624914e+01 -9.6403500043e+00 -1.2107177112e+01  2.4668271075e+00  3.5255503654e-02
 5.0000000000e+02  3.1022070475e+01 -3.0193911357e+02  3.1022070475e+01 -9.7330419583e+00 -1.2107177112e+01  2.3741351535e+00  3.2433772087e-02
 5.1000000000e+02  2.9533322619e+01 -2.8607674450e+02  2.9533322619e+01 -9.6865749985e+00 -1.2107177112e+01  2.4206021134e+00  3.2259535789e-02
 5.2000000000e+02  2.9893443414e+01 -2.8888159573e+02  2.9893443414e+01 -9.6637109260e+00 -1.2107177112e+01  2.4434661859e+00  4.4648981094e-02
 5.3000000000e+02  3.0352100809e+01 -2.9512074043e+02  3.0352100809e+01 -9.7232393331e+00 -1.2107177112e+01  2.3839377788e+00  3.2392549515e-02
 5.4000000000e+02  2.9947305278e+01 -2.9086805021e+02  2.9947305278e+01 -9.7126618741e+00 -1.2107177112e+01  2.3945152378e+00  3.2283592224e-02
 5.5000000000e+02  2.9600307690e+01 -2.8550379978e+02  2.9600307690e+01 -9.6452983788e+00 -1.2107177112e+01  2.4618787331e+00  3.2260847092e-02
 5.6000000000e+02  3.0246174756e+01 -2.9391508040e+02  3.0246174756e+01 -9.7174298163e+00 -1.2107177112e+01  2.3897472955e+00  1.2033777237e-01
 5.7000000000e+02  3.0103030356e+01 -2.9150661859e+02  3.0103030356e+01 -9.6836303569e+00 -1.2107177112e+01  2.4235467550e+00  3.5078501701e-02
 5.8000000000e+02  2.9496714179e+01 -2.8409968966e+02  2.9496714179e+01 -9.6315707551e+00 -1.2107177112e+01  2.4756063567e+00  3.2363438606e-02
 5.9000000000e+02  3.0683782061e+01 -2.9832150843e+02  3.0683782061e+01 -9.7224490721e+00 -1.2107177112e+01  2.3847280398e+00  3.2361006737e-02
 6.0000000000e+02  3.0600211275e+01 -3.0024510281e+02  3.0600211275e+01 -9.8118637190e+00 -1.2107177112e+01  2.2953133928e+00  4.4700765610e-02
 6.1000000000e+02  2.9037518468e+01 -2.8069281572e+02  2.9037518468e+01 -9.6665565975e+00 -1.2107177112e+01  2.4406205144e+00  3.2558369637e-02
 6.2000000000e+02  2.9652756900e+01 -2.8651634356e+02  2.9652756900e+01 -9.6623846653e+00 -1.2107177112e+01  2.4447924465e+00  3.2242846489e-02
 6.3000000000e+02  3.0162074290e+01 -2.9300065310e+02  3.0162074290e+01 -9.7142076595e+00 -1.2107177112e+01  2.3929694524e+00  3.2338929176e-02
 6.4000000000e+02  3.0987655430e+01 -3.0294350356e+02  3.0987655430e+01 -9.7762641075e+00 -1.2107177112e+01  2.3309130043e+00  1.2069146633e-01
 6.5000000000e+02  2.8484572601e+01 -2.7210138207e+02  2.8484572601e+01 -9.5525878475e+00 -1.2107177112e+01  2.5545892644e+00  3.5286474228e-02
 6.6000000000e+02  3.0748687677e+01 -2.9730096479e+02  3.0748687677e+01 -9.6687366925e+00 -1.2107177112e+01  2.4384404193e+00  3.2248568535e-02
 6.7000000000e+02  3.0025393397e+01 -2.9035934837e+02  3.0025393397e+01 -9.6704594186e+00 -1.2107177112e+01  2.4367176933e+00  3.2341909409e-02
 6.8000000000e+02  3.0536859531e+01 -2.9481309404e+02  3.0536859531e+01 -9.6543357294e+00 -1.2107177112e+01  2.4528413824e+00  4.5162630081e-02
 6.9000000000e+02  2.9658576609e+01 -2.8584702187e+02  2.9658576609e+01 -9.6379211194e+00 -1.2107177112e+01  2.4692559925e+00  3.2480525970e-02
 7.0000000000e+02  2.9898080697e+01 -2.8828738196e+02  2.9898080697e+01 -9.6423374088e+00 -1.2107177112e+01  2.4648397031e+00  3.2482600212e-02
 7.1000000000e+02  3.0476970197e+01 -2.9517918277e+02  3.0476970197e+01 -9.6853191397e+00 -1.2107177112e+01  2.4218579722e+00  3.2479310036e-02
 7.2000000000e+02  2.9328808530e+01 -2.8215405163e+02  2.9328808530e+01 -9.6203721108e+00 -1.2107177112e+01  2.4868050010e+00  1.2012245655e-01
 7.3000000000e+02  3.0353321736e+01 -2.9343078800e+02  3.0353321736e+01 -9.6671721980e+00 -1.2107177112e+01  2.4400049139e+00  3.5097551346e-02
 7.4000000000e+02  3.0583699977e+01 -2.9687109400e+02  3.0583699977e+01 -9.7068403829e+00 -1.2107177112e+01  2.4003367290e+00  3.2504677773e-02
 7.5000000000e+02  2.9823527932e+01 -2.8914792505e+02  2.9823527932e+01 -9.6952957984e+00 -1.2107177112e+01  2.4118813135e+00  3.2230639458e-02
 7.6000000000e+02  2.9932815332e+01 -2.8924131527e+02  2.9932815332e+01 -9.6630173960e+00 -1.2107177112e+01  2.4441597159e+00  4.4779896736e-02
 7.7000000000e+02  2.9724388648e+01 -2.8594618997e+02  2.9724388648e+01 -9.6199182884e+00 -1.2107177112e+01  2.4872588235e+00  3.2379698753e-02
 7.8000000000e+02  3.0485999121e+01 -2.9405044242e+02  3.0485999121e+01 -9.6454257985e+00 -1.2107177112e+01  2.4617513134e+00  3.2451057434e-02
 7.9000000000e+02  3.0315850374e+01 -2.9365707113e+02  3.0315850374e+01 -9.6865853178e+00 -1.2107177112e+01  2.4205917940e+00  3.2332682610e-02
 8.0000000000e+02  2.9428741371e+01 -2.8383970961e+02  2.9428741371e+01 -9.6449829785e+00 -1.2107177112e+01  2.4621941333e+00  1.2101752758e-01
 8.1000000000e+02  3.0192065519e+01 -2.9127581952e+02  3.0192065519e+01 -9.6474293663e+00 -1.2107177112e+01  2.4597477456e+00  3.5342335701e-02
 8.2000000000e+02  3.1095128460e+01 -3.0374239065e+02  3.1095128460e+01 -9.7681664520e+00 -1.2107177112e+01  2.3390106598e+00  3.2715487480e-02
 8.3000000000e+02  2.9559960596e+01 -2.8712212451e+02  2.9559960596e+01 -9.7132106647e+00 -1.2107177112e+01  2.3939664472e+00  3.9711952209e-02
 8.4000000000e+02  2.9542375362e+01 -2.8473916069e+02  2.9542375362e+01 -9.6383299313e+00 -1.2107177112e+01  2.4688471806e+00  4.5543599129e-02
 8.5000000000e+02  3.0253963597e+01 -2.9230819364e+02  3.0253963597e+01 -9.6618148132e+00 -1.2107177112e+01  2.4453622987e+00  3.3047246933e-02
 8.6000000000e+02  2.9815827007e+01 -2.8788831185e+02  2.9815827007e+01 -9.6555534679e+00 -1.2107177112e+01  2.4516236440e+00  3.2564926147e-02
 8.7000000000e+02  3.0580389093e+01 -2.9734782886e+02  3.0580389093e+01 -9.7234808868e+00 -1.2107177112e+01  2.3836962250e+00  3.3464837074e-02
 8.8000000000e+02  3.0122071337e+01 -2.9185775003e+02  3.0122071337e+01 -9.6891660193e+00 -1.2107177112e+01  2.4180110926e+00  1.2507486343e-01
 8.9000000000e+02  2.9603720234e+01 -2.8646685327e+02  2.9603720234e+01 -9.6767180276e+00 -1.2107177112e+01  2.4304590843e+00  3.5392022133e-02
 9.0000000000e+02  3.0417751268e+01 -2.9515915044e+02  3.0417751268e+01 -9.7035164710e+00 -1.2107177112e+01  2.4036606409e+00  3.2791423798e-02
 9.1000000000e+02  2.9854739303e+01 -2.8894805592e+02  2.9854739303e+01 -9.6784652175e+00 -1.2107177112e+01  2.4287118944e+00  3.4527325630e-02
 9.2000000000e+02  3.0613954130e+01 -2.9811129421e+02  3.0613954130e+01 -9.7377585707e+00 -1.2107177112e+01  2.3694185412e+00  4.5736336708e-02
 9.3000000000e+02  2.8981199844e+01 -2.7692441670e+02  2.8981199844e+01 -9.5553123470e+00 -1.2107177112e+01  2.5518647648e+00  3.3288407326e-02
 9.4000000000e+02  3.0281686987e+01 -2.9020765976e+02  3.0281686987e+01 -9.5836027856e+00 -1.2107177112e+01  2.5235743262e+00  3.6422777176e-02
 9.5000000000e+02  2.9515843454e+01 -2.8097437133e+02  2.9515843454e+01 -9.5194423893e+00 -1.2107177112e+01  2.5877347225e+00  3.2934570313e-02
 9.6000000000e+02  3.0490114767e+01 -2.9283516620e+02  3.0490114767e+01 -9.6042657903e+00 -1.2107177112e+01  2.5029113216e+00  1.2252426147e-01
 9.7000000000e+02  3.0231044437e+01 -2.9104872117e+02  3.0231044437e+01 -9.6274781962e+00 -1.2107177112e+01  2.4796989156e+00  3.6747026443e-02
 9.8000000000e+02  3.0084148373e+01 -2.8915837188e+02  3.0084148373e+01 -9.6116522328e+00 -1.2107177112e+01  2.4955248790e+00  3.2609319687e-02
 9.9000000000e+02  2.9984722619e+01 -2.8871949382e+02  2.9984722619e+01 -9.6288865996e+00 -1.2107177112e+01  2.4782905123e+00  3.2654714584e-02
 1.0000000000e+03  3.0467660752e+01 -2.9428508081e+02  3.0467660752e+01 -9.6589325711e+00 -1.2107177112e+01  2.4482445408e+00  4.5313692093e-02
# End Time: Sun Feb  4 11:57:45 2018
# Running time : 45.456151 seconds
